[0m[[0minfo[0m] [0mRunning com.novus.bc.Bc [0m
[0m[[0mdebug[0m] [0mStarting sandboxed run...[0m
[0m[[0mdebug[0m] [0mWaiting for threads to exit or System.exit to be called.[0m
[0m[[0mdebug[0m] [0m  Classpath:[0m
[0m[[0mdebug[0m] [0m	/Users/eoconnor/code/toy/novus/target/scala-2.10/classes[0m
[0m[[0mdebug[0m] [0m	/Users/eoconnor/.ivy2/cache/org.scala-lang/scala-library/jars/scala-library-2.10.4.jar[0m
[0m[[0mdebug[0m] [0m	/Users/eoconnor/.ivy2/cache/commons-lang/commons-lang/jars/commons-lang-2.6.jar[0m
[0m[[0mdebug[0m] [0mWaiting for thread run-main to exit[0m
[0m[[31merror[0m] [0m(run-main) java.lang.IllegalArgumentException: requirement failed: One arguement required, of the form 1+1[0m
java.lang.IllegalArgumentException: requirement failed: One arguement required, of the form 1+1
	at scala.Predef$.require(Predef.scala:233)
	at com.novus.bc.Bc$.main(Bc.scala:34)
	at com.novus.bc.Bc.main(Bc.scala)
	at sun.reflect.NativeMethodAccessorImpl.invoke0(Native Method)
	at sun.reflect.NativeMethodAccessorImpl.invoke(NativeMethodAccessorImpl.java:39)
	at sun.reflect.DelegatingMethodAccessorImpl.invoke(DelegatingMethodAccessorImpl.java:25)
	at java.lang.reflect.Method.invoke(Method.java:597)
	at sbt.Run.invokeMain(Run.scala:72)
	at sbt.Run.run0(Run.scala:65)
	at sbt.Run.sbt$Run$$execute$1(Run.scala:54)
	at sbt.Run$$anonfun$run$1.apply$mcV$sp(Run.scala:58)
	at sbt.TrapExit$.sbt$TrapExit$$executeMain$1(TrapExit.scala:33)
	at sbt.TrapExit$$anon$1.run(TrapExit.scala:42)
[0m[[0mdebug[0m] [0m	Thread run-main exited.[0m
[0m[[0mdebug[0m] [0mInterrupting remaining threads (should be all daemons).[0m
[0m[[0mdebug[0m] [0mSandboxed run complete..[0m
java.lang.RuntimeException: Nonzero exit code: 1
	at scala.sys.package$.error(package.scala:27)
	at sbt.BuildCommon$$anonfun$toError$1.apply(Defaults.scala:1628)
	at sbt.BuildCommon$$anonfun$toError$1.apply(Defaults.scala:1628)
	at scala.Option.foreach(Option.scala:236)
	at sbt.BuildCommon$class.toError(Defaults.scala:1628)
	at sbt.Defaults$.toError(Defaults.scala:34)
	at sbt.Defaults$$anonfun$runTask$1$$anonfun$apply$36$$anonfun$apply$37.apply(Defaults.scala:647)
	at sbt.Defaults$$anonfun$runTask$1$$anonfun$apply$36$$anonfun$apply$37.apply(Defaults.scala:645)
	at scala.Function1$$anonfun$compose$1.apply(Function1.scala:47)
	at sbt.$tilde$greater$$anonfun$$u2219$1.apply(TypeFunctions.scala:42)
	at sbt.std.Transform$$anon$4.work(System.scala:64)
	at sbt.Execute$$anonfun$submit$1$$anonfun$apply$1.apply(Execute.scala:237)
	at sbt.Execute$$anonfun$submit$1$$anonfun$apply$1.apply(Execute.scala:237)
	at sbt.ErrorHandling$.wideConvert(ErrorHandling.scala:18)
	at sbt.Execute.work(Execute.scala:244)
	at sbt.Execute$$anonfun$submit$1.apply(Execute.scala:237)
	at sbt.Execute$$anonfun$submit$1.apply(Execute.scala:237)
	at sbt.ConcurrentRestrictions$$anon$4$$anonfun$1.apply(ConcurrentRestrictions.scala:160)
	at sbt.CompletionService$$anon$2.call(CompletionService.scala:30)
	at java.util.concurrent.FutureTask$Sync.innerRun(FutureTask.java:303)
	at java.util.concurrent.FutureTask.run(FutureTask.java:138)
	at java.util.concurrent.Executors$RunnableAdapter.call(Executors.java:439)
	at java.util.concurrent.FutureTask$Sync.innerRun(FutureTask.java:303)
	at java.util.concurrent.FutureTask.run(FutureTask.java:138)
	at java.util.concurrent.ThreadPoolExecutor$Worker.runTask(ThreadPoolExecutor.java:895)
	at java.util.concurrent.ThreadPoolExecutor$Worker.run(ThreadPoolExecutor.java:918)
	at java.lang.Thread.run(Thread.java:695)
[0m[[31merror[0m] [0m(compile:[31mrun[0m) Nonzero exit code: 1[0m
